New log file opened at Thu Feb 02 16:25:48 EST 2017 by 8912@DESKTOP-JGE0P96
Sending msg to client play-fork-run-84f6fd5d-56cb-497a-9eba-a733be927ac2: DetachedLogEvent(LogMessage(debug,sbt server socket logs are in: C:\Users\Gita\HelloWorld\.sbtserver\connections\master.log))
Sending msg to client play-fork-run-84f6fd5d-56cb-497a-9eba-a733be927ac2: DetachedLogEvent(LogMessage(debug,sbt general server logs are in: C:\Users\Gita\HelloWorld\.sbtserver\master.log))
Sending msg to client play-fork-run-84f6fd5d-56cb-497a-9eba-a733be927ac2: DetachedLogEvent(LogMessage(debug,sbt client logs are in: C:\Users\Gita\HelloWorld\.sbtserver\connections\play-fork-run-84f6fd5d-56cb-497a-9eba-a733be927ac2.log))
Reading next message from client.
Got request: ListenToEvents()
Reading next message from client.
Sending msg to client play-fork-run-84f6fd5d-56cb-497a-9eba-a733be927ac2: BackgroundJobStarted(5,BackgroundJobInfo(1,backgroundRun,AttributeKey[sbt.BackgroundJobHandle]("backgroundRun") in Scope(Build: file:/C:/Users/Gita/HelloWorld/, , Project: ProjectReference(file:/C:/Users/Gita/HelloWorld/,root), Config: compile)))
Sending msg to client play-fork-run-84f6fd5d-56cb-497a-9eba-a733be927ac2: (3,ReceivedResponse())
Sending msg to client play-fork-run-84f6fd5d-56cb-497a-9eba-a733be927ac2: ExecutionWaiting(11,{file:/C:/Users/Gita/HelloWorld/}root/compile:discoveredMainClasses,ClientInfo(7852ac4f-45ed-4748-88eb-4641acb5bdb1,activator,Activator,3,Vector()))
Sending msg to client play-fork-run-84f6fd5d-56cb-497a-9eba-a733be927ac2: ExecutionStarting(11)
Sending msg to client play-fork-run-84f6fd5d-56cb-497a-9eba-a733be927ac2: DetachedLogEvent(LogMessage(debug,> {file:/C:/Users/Gita/HelloWorld/}root/compile:discoveredMainClasses))
Sending msg to client play-fork-run-84f6fd5d-56cb-497a-9eba-a733be927ac2: ExecutionWaiting(12,{file:/C:/Users/Gita/HelloWorld/}root/compile:mainClass,ClientInfo(7852ac4f-45ed-4748-88eb-4641acb5bdb1,activator,Activator,3,Vector()))
Sending msg to client play-fork-run-84f6fd5d-56cb-497a-9eba-a733be927ac2: DetachedLogEvent(LogMessage(debug,Evaluating tasks: compile:discoveredMainClasses))
Sending msg to client play-fork-run-84f6fd5d-56cb-497a-9eba-a733be927ac2: DetachedLogEvent(LogMessage(debug,Running task... Cancel: sbt.server.ServerTaskCancellation@717d4343, check cycles: false))
Sending msg to client play-fork-run-84f6fd5d-56cb-497a-9eba-a733be927ac2: DetachedLogEvent(LogMessage(debug,cancel strategy start enabled=true lastCommand=Some(LastCommand(CommandExecutionWork(ExecutionId(11),{file:/C:/Users/Gita/HelloWorld/}root/compile:discoveredMainClasses,Set(LiveClient(activator 7852ac4f-45ed-4748-88eb-4641acb5bdb1)),sbt.server.WorkCancellationStatus$$anon$1@28257ed8)))))
Sending msg to client play-fork-run-84f6fd5d-56cb-497a-9eba-a733be927ac2: TaskStarted(11,1047,None)
Sending msg to client play-fork-run-84f6fd5d-56cb-497a-9eba-a733be927ac2: TaskStarted(11,1056,None)
Sending msg to client play-fork-run-84f6fd5d-56cb-497a-9eba-a733be927ac2: TaskStarted(11,1060,Some(AttributeKey[boolean]("skip") in Scope(Global)))
Sending msg to client play-fork-run-84f6fd5d-56cb-497a-9eba-a733be927ac2: TaskStarted(11,1063,None)
Sending msg to client play-fork-run-84f6fd5d-56cb-497a-9eba-a733be927ac2: TaskStarted(11,1064,None)
Sending msg to client play-fork-run-84f6fd5d-56cb-497a-9eba-a733be927ac2: TaskStarted(11,1065,Some(AttributeKey[java.lang.String]("updateCacheName") in Scope(Build: file:/C:/Users/Gita/HelloWorld/, , Project: ProjectReference(file:/C:/Users/Gita/HelloWorld/,root))))
Sending msg to client play-fork-run-84f6fd5d-56cb-497a-9eba-a733be927ac2: TaskStarted(11,1069,Some(AttributeKey[scala.collection.Seq[sbt.Credentials]]("credentials") in Scope(Global)))
Sending msg to client play-fork-run-84f6fd5d-56cb-497a-9eba-a733be927ac2: TaskStarted(11,1073,Some(AttributeKey[scala.Option[scala.collection.Seq[sbt.Resolver]]]("bootResolvers") in Scope(Build: file:/C:/Users/Gita/HelloWorld/, , Project: ProjectReference(file:/C:/Users/Gita/HelloWorld/,root))))
Sending msg to client play-fork-run-84f6fd5d-56cb-497a-9eba-a733be927ac2: TaskStarted(11,1077,Some(AttributeKey[scala.collection.Seq[sbt.Resolver]]("externalResolvers") in Scope(Build: file:/C:/Users/Gita/HelloWorld/, , Project: ProjectReference(file:/C:/Users/Gita/HelloWorld/,root))))
Sending msg to client play-fork-run-84f6fd5d-56cb-497a-9eba-a733be927ac2: TaskStarted(11,1083,None)
Sending msg to client play-fork-run-84f6fd5d-56cb-497a-9eba-a733be927ac2: TaskStarted(11,1084,None)
Sending msg to client play-fork-run-84f6fd5d-56cb-497a-9eba-a733be927ac2: TaskStarted(11,1088,None)
Sending msg to client play-fork-run-84f6fd5d-56cb-497a-9eba-a733be927ac2: TaskStarted(11,1100,Some(AttributeKey[scala.collection.Seq[java.lang.String]]("javacOptions") in Scope(Global)))
Sending msg to client play-fork-run-84f6fd5d-56cb-497a-9eba-a733be927ac2: TaskStarted(11,1101,None)
Sending msg to client play-fork-run-84f6fd5d-56cb-497a-9eba-a733be927ac2: TaskStarted(11,1104,Some(AttributeKey[sbt.inc.IncOptions]("incOptions") in Scope(Global)))
Sending msg to client play-fork-run-84f6fd5d-56cb-497a-9eba-a733be927ac2: TaskStarted(11,1106,Some(AttributeKey[scala.Function1[java.io.File,scala.Function1[java.lang.String,boolean]]]("definesClass") in Scope(Global)))
Sending msg to client play-fork-run-84f6fd5d-56cb-497a-9eba-a733be927ac2: TaskStarted(11,1107,Some(AttributeKey[java.lang.String]("compileAnalysisFilename") in Scope(Build: file:/C:/Users/Gita/HelloWorld/, , Project: ProjectReference(file:/C:/Users/Gita/HelloWorld/,root), Config: compile)))
Sending msg to client play-fork-run-84f6fd5d-56cb-497a-9eba-a733be927ac2: TaskStarted(11,1117,None)
Sending msg to client play-fork-run-84f6fd5d-56cb-497a-9eba-a733be927ac2: TaskStarted(11,1118,Some(AttributeKey[scala.collection.Seq[java.io.File]]("sources") in Scope(Build: file:/C:/Users/Gita/HelloWorld/, , Project: ProjectReference(file:/C:/Users/Gita/HelloWorld/,root), Config: compile, Task: AttributeKey[scala.collection.Seq[java.io.File]]("playRoutes"))))
Sending msg to client play-fork-run-84f6fd5d-56cb-497a-9eba-a733be927ac2: TaskStarted(11,1123,None)
Sending msg to client play-fork-run-84f6fd5d-56cb-497a-9eba-a733be927ac2: TaskStarted(11,1124,Some(AttributeKey[scala.collection.Seq[java.lang.String]]("scalacOptions") in Scope(Global)))
Sending msg to client play-fork-run-84f6fd5d-56cb-497a-9eba-a733be927ac2: TaskStarted(11,1127,Some(AttributeKey[scala.collection.Seq[java.io.File]]("unmanagedSources") in Scope(Build: file:/C:/Users/Gita/HelloWorld/, , Project: ProjectReference(file:/C:/Users/Gita/HelloWorld/,root), Config: compile)))
Sending msg to client play-fork-run-84f6fd5d-56cb-497a-9eba-a733be927ac2: TaskStarted(11,1132,None)
Sending msg to client play-fork-run-84f6fd5d-56cb-497a-9eba-a733be927ac2: TaskStarted(11,1138,Some(AttributeKey[scala.collection.Seq[scala.Function1[xsbti.Position,scala.Option[xsbti.Position]]]]("sourcePositionMappers") in Scope(Global)))
Sending msg to client play-fork-run-84f6fd5d-56cb-497a-9eba-a733be927ac2: TaskStarted(11,1139,None)
Sending msg to client play-fork-run-84f6fd5d-56cb-497a-9eba-a733be927ac2: TaskStarted(11,1143,Some(AttributeKey[sbt.SendEventService]("sendEventService") in Scope(Global)))
Sending msg to client play-fork-run-84f6fd5d-56cb-497a-9eba-a733be927ac2: TaskFinished(11,1047,None,true,None)
Sending msg to client play-fork-run-84f6fd5d-56cb-497a-9eba-a733be927ac2: TaskStarted(11,1046,None)
Sending msg to client play-fork-run-84f6fd5d-56cb-497a-9eba-a733be927ac2: TaskStarted(11,1050,None)
Sending msg to client play-fork-run-84f6fd5d-56cb-497a-9eba-a733be927ac2: TaskStarted(11,1066,None)
Sending msg to client play-fork-run-84f6fd5d-56cb-497a-9eba-a733be927ac2: TaskStarted(11,1071,None)
Sending msg to client play-fork-run-84f6fd5d-56cb-497a-9eba-a733be927ac2: TaskStarted(11,1076,None)
Sending msg to client play-fork-run-84f6fd5d-56cb-497a-9eba-a733be927ac2: TaskStarted(11,1078,None)
Sending msg to client play-fork-run-84f6fd5d-56cb-497a-9eba-a733be927ac2: TaskStarted(11,1087,None)
Sending msg to client play-fork-run-84f6fd5d-56cb-497a-9eba-a733be927ac2: TaskStarted(11,1089,None)
Sending msg to client play-fork-run-84f6fd5d-56cb-497a-9eba-a733be927ac2: TaskStarted(11,1091,None)
Sending msg to client play-fork-run-84f6fd5d-56cb-497a-9eba-a733be927ac2: TaskStarted(11,1094,None)
Sending msg to client play-fork-run-84f6fd5d-56cb-497a-9eba-a733be927ac2: TaskStarted(11,1098,None)
Sending msg to client play-fork-run-84f6fd5d-56cb-497a-9eba-a733be927ac2: TaskStarted(11,1108,None)
Sending msg to client play-fork-run-84f6fd5d-56cb-497a-9eba-a733be927ac2: TaskStarted(11,1113,None)
Sending msg to client play-fork-run-84f6fd5d-56cb-497a-9eba-a733be927ac2: TaskStarted(11,1125,None)
Sending msg to client play-fork-run-84f6fd5d-56cb-497a-9eba-a733be927ac2: TaskStarted(11,1128,None)
Sending msg to client play-fork-run-84f6fd5d-56cb-497a-9eba-a733be927ac2: TaskStarted(11,1130,None)
Sending msg to client play-fork-run-84f6fd5d-56cb-497a-9eba-a733be927ac2: TaskStarted(11,1142,None)
Sending msg to client play-fork-run-84f6fd5d-56cb-497a-9eba-a733be927ac2: TaskFinished(11,1060,Some(AttributeKey[boolean]("skip") in Scope(Global)),true,None)
Sending msg to client play-fork-run-84f6fd5d-56cb-497a-9eba-a733be927ac2: TaskFinished(11,1064,None,true,None)
Sending msg to client play-fork-run-84f6fd5d-56cb-497a-9eba-a733be927ac2: TaskFinished(11,1056,None,true,None)
Sending msg to client play-fork-run-84f6fd5d-56cb-497a-9eba-a733be927ac2: TaskStarted(11,1055,Some(AttributeKey[sbt.BuildStructure]("buildStructure") in Scope(Global)))
Sending msg to client play-fork-run-84f6fd5d-56cb-497a-9eba-a733be927ac2: TaskStarted(11,1061,Some(AttributeKey[java.io.File]("dependencyCacheDirectory") in Scope(Build: file:/C:/Users/Gita/HelloWorld/, , Project: ProjectReference(file:/C:/Users/Gita/HelloWorld/,root))))
Sending msg to client play-fork-run-84f6fd5d-56cb-497a-9eba-a733be927ac2: TaskStarted(11,1105,Some(AttributeKey[xsbti.compile.GlobalsCache]("compilerCache") in Scope(Global)))
Sending msg to client play-fork-run-84f6fd5d-56cb-497a-9eba-a733be927ac2: TaskFinished(11,1065,Some(AttributeKey[java.lang.String]("updateCacheName") in Scope(Build: file:/C:/Users/Gita/HelloWorld/, , Project: ProjectReference(file:/C:/Users/Gita/HelloWorld/,root))),true,None)
Sending msg to client play-fork-run-84f6fd5d-56cb-497a-9eba-a733be927ac2: TaskFinished(11,1069,Some(AttributeKey[scala.collection.Seq[sbt.Credentials]]("credentials") in Scope(Global)),true,None)
Sending msg to client play-fork-run-84f6fd5d-56cb-497a-9eba-a733be927ac2: TaskFinished(11,1073,Some(AttributeKey[scala.Option[scala.collection.Seq[sbt.Resolver]]]("bootResolvers") in Scope(Build: file:/C:/Users/Gita/HelloWorld/, , Project: ProjectReference(file:/C:/Users/Gita/HelloWorld/,root))),true,None)
Sending msg to client play-fork-run-84f6fd5d-56cb-497a-9eba-a733be927ac2: TaskFinished(11,1084,None,true,None)
Sending msg to client play-fork-run-84f6fd5d-56cb-497a-9eba-a733be927ac2: TaskFinished(11,1088,None,true,None)
Sending msg to client play-fork-run-84f6fd5d-56cb-497a-9eba-a733be927ac2: TaskFinished(11,1100,Some(AttributeKey[scala.collection.Seq[java.lang.String]]("javacOptions") in Scope(Global)),true,None)
Sending msg to client play-fork-run-84f6fd5d-56cb-497a-9eba-a733be927ac2: TaskFinished(11,1101,None,true,None)
Sending msg to client play-fork-run-84f6fd5d-56cb-497a-9eba-a733be927ac2: TaskStarted(11,1099,Some(AttributeKey[scala.collection.Seq[java.lang.String]]("javacOptions") in Scope(Build: file:/C:/Users/Gita/HelloWorld/, , Project: ProjectReference(file:/C:/Users/Gita/HelloWorld/,root), Config: compile)))
Sending msg to client play-fork-run-84f6fd5d-56cb-497a-9eba-a733be927ac2: TaskFinished(11,1104,Some(AttributeKey[sbt.inc.IncOptions]("incOptions") in Scope(Global)),true,None)
Sending msg to client play-fork-run-84f6fd5d-56cb-497a-9eba-a733be927ac2: TaskStarted(11,1103,Some(AttributeKey[sbt.inc.IncOptions]("incOptions") in Scope(Build: file:/C:/Users/Gita/HelloWorld/, , Project: ProjectReference(file:/C:/Users/Gita/HelloWorld/,root))))
Sending msg to client play-fork-run-84f6fd5d-56cb-497a-9eba-a733be927ac2: TaskFinished(11,1106,Some(AttributeKey[scala.Function1[java.io.File,scala.Function1[java.lang.String,boolean]]]("definesClass") in Scope(Global)),true,None)
Sending msg to client play-fork-run-84f6fd5d-56cb-497a-9eba-a733be927ac2: TaskFinished(11,1107,Some(AttributeKey[java.lang.String]("compileAnalysisFilename") in Scope(Build: file:/C:/Users/Gita/HelloWorld/, , Project: ProjectReference(file:/C:/Users/Gita/HelloWorld/,root), Config: compile)),true,None)
Sending msg to client play-fork-run-84f6fd5d-56cb-497a-9eba-a733be927ac2: TaskFinished(11,1117,None,true,None)
Sending msg to client play-fork-run-84f6fd5d-56cb-497a-9eba-a733be927ac2: TaskFinished(11,1118,Some(AttributeKey[scala.collection.Seq[java.io.File]]("sources") in Scope(Build: file:/C:/Users/Gita/HelloWorld/, , Project: ProjectReference(file:/C:/Users/Gita/HelloWorld/,root), Config: compile, Task: AttributeKey[scala.collection.Seq[java.io.File]]("playRoutes"))),true,None)
Sending msg to client play-fork-run-84f6fd5d-56cb-497a-9eba-a733be927ac2: TaskStarted(11,1116,Some(AttributeKey[scala.collection.Seq[java.io.File]]("sources") in Scope(Build: file:/C:/Users/Gita/HelloWorld/, , Project: ProjectReference(file:/C:/Users/Gita/HelloWorld/,root), Config: compile, Task: AttributeKey[scala.collection.Seq[java.io.File]]("playRoutes"))))
Sending msg to client play-fork-run-84f6fd5d-56cb-497a-9eba-a733be927ac2: TaskFinished(11,1123,None,true,None)
Sending msg to client play-fork-run-84f6fd5d-56cb-497a-9eba-a733be927ac2: TaskFinished(11,1124,Some(AttributeKey[scala.collection.Seq[java.lang.String]]("scalacOptions") in Scope(Global)),true,None)
Sending msg to client play-fork-run-84f6fd5d-56cb-497a-9eba-a733be927ac2: TaskStarted(11,1122,Some(AttributeKey[scala.collection.Seq[java.lang.String]]("scalacOptions") in Scope(Build: file:/C:/Users/Gita/HelloWorld/, , Project: ProjectReference(file:/C:/Users/Gita/HelloWorld/,root))))
Sending msg to client play-fork-run-84f6fd5d-56cb-497a-9eba-a733be927ac2: TaskFinished(11,1063,None,true,None)
Sending msg to client play-fork-run-84f6fd5d-56cb-497a-9eba-a733be927ac2: TaskStarted(11,1062,Some(AttributeKey[scala.collection.Seq[sbt.UpdateReport]]("transitiveUpdate") in Scope(Build: file:/C:/Users/Gita/HelloWorld/, , Project: ProjectReference(file:/C:/Users/Gita/HelloWorld/,root))))
Sending msg to client play-fork-run-84f6fd5d-56cb-497a-9eba-a733be927ac2: TaskFinished(11,1132,None,true,None)
Sending msg to client play-fork-run-84f6fd5d-56cb-497a-9eba-a733be927ac2: TaskFinished(11,1127,Some(AttributeKey[scala.collection.Seq[java.io.File]]("unmanagedSources") in Scope(Build: file:/C:/Users/Gita/HelloWorld/, , Project: ProjectReference(file:/C:/Users/Gita/HelloWorld/,root), Config: compile)),true,None)
Sending msg to client play-fork-run-84f6fd5d-56cb-497a-9eba-a733be927ac2: TaskStarted(11,1126,Some(AttributeKey[scala.collection.Seq[java.io.File]]("unmanagedSources") in Scope(Build: file:/C:/Users/Gita/HelloWorld/, , Project: ProjectReference(file:/C:/Users/Gita/HelloWorld/,root), Config: compile)))
Sending msg to client play-fork-run-84f6fd5d-56cb-497a-9eba-a733be927ac2: TaskFinished(11,1138,Some(AttributeKey[scala.collection.Seq[scala.Function1[xsbti.Position,scala.Option[xsbti.Position]]]]("sourcePositionMappers") in Scope(Global)),true,None)
Sending msg to client play-fork-run-84f6fd5d-56cb-497a-9eba-a733be927ac2: TaskFinished(11,1139,None,true,None)
Sending msg to client play-fork-run-84f6fd5d-56cb-497a-9eba-a733be927ac2: TaskFinished(11,1143,Some(AttributeKey[sbt.SendEventService]("sendEventService") in Scope(Global)),true,None)
Sending msg to client play-fork-run-84f6fd5d-56cb-497a-9eba-a733be927ac2: TaskFinished(11,1046,None,true,None)
Sending msg to client play-fork-run-84f6fd5d-56cb-497a-9eba-a733be927ac2: TaskFinished(11,1066,None,true,None)
Sending msg to client play-fork-run-84f6fd5d-56cb-497a-9eba-a733be927ac2: TaskFinished(11,1083,None,true,None)
Sending msg to client play-fork-run-84f6fd5d-56cb-497a-9eba-a733be927ac2: TaskFinished(11,1076,None,true,None)
Sending msg to client play-fork-run-84f6fd5d-56cb-497a-9eba-a733be927ac2: TaskFinished(11,1071,None,true,None)
Sending msg to client play-fork-run-84f6fd5d-56cb-497a-9eba-a733be927ac2: TaskFinished(11,1077,Some(AttributeKey[scala.collection.Seq[sbt.Resolver]]("externalResolvers") in Scope(Build: file:/C:/Users/Gita/HelloWorld/, , Project: ProjectReference(file:/C:/Users/Gita/HelloWorld/,root))),true,None)
Sending msg to client play-fork-run-84f6fd5d-56cb-497a-9eba-a733be927ac2: TaskFinished(11,1078,None,true,None)
Sending msg to client play-fork-run-84f6fd5d-56cb-497a-9eba-a733be927ac2: TaskFinished(11,1087,None,true,None)
Sending msg to client play-fork-run-84f6fd5d-56cb-497a-9eba-a733be927ac2: TaskStarted(11,1086,Some(AttributeKey[scala.collection.immutable.Map[sbt.ModuleID,sbt.SourcePosition]]("dependencyPositions") in Scope(Build: file:/C:/Users/Gita/HelloWorld/, , Project: ProjectReference(file:/C:/Users/Gita/HelloWorld/,root))))
Sending msg to client play-fork-run-84f6fd5d-56cb-497a-9eba-a733be927ac2: TaskFinished(11,1089,None,true,None)
Sending msg to client play-fork-run-84f6fd5d-56cb-497a-9eba-a733be927ac2: TaskFinished(11,1091,None,true,None)
Sending msg to client play-fork-run-84f6fd5d-56cb-497a-9eba-a733be927ac2: TaskFinished(11,1094,None,true,None)
Sending msg to client play-fork-run-84f6fd5d-56cb-497a-9eba-a733be927ac2: TaskFinished(11,1098,None,true,None)
Sending msg to client play-fork-run-84f6fd5d-56cb-497a-9eba-a733be927ac2: TaskFinished(11,1050,None,true,None)
Sending msg to client play-fork-run-84f6fd5d-56cb-497a-9eba-a733be927ac2: TaskFinished(11,1108,None,true,None)
Sending msg to client play-fork-run-84f6fd5d-56cb-497a-9eba-a733be927ac2: TaskFinished(11,1113,None,true,None)
Sending msg to client play-fork-run-84f6fd5d-56cb-497a-9eba-a733be927ac2: TaskFinished(11,1125,None,true,None)
Sending msg to client play-fork-run-84f6fd5d-56cb-497a-9eba-a733be927ac2: TaskFinished(11,1128,None,true,None)
Sending msg to client play-fork-run-84f6fd5d-56cb-497a-9eba-a733be927ac2: TaskFinished(11,1130,None,true,None)
Sending msg to client play-fork-run-84f6fd5d-56cb-497a-9eba-a733be927ac2: TaskFinished(11,1142,None,true,None)
Sending msg to client play-fork-run-84f6fd5d-56cb-497a-9eba-a733be927ac2: TaskFinished(11,1055,Some(AttributeKey[sbt.BuildStructure]("buildStructure") in Scope(Global)),true,None)
Sending msg to client play-fork-run-84f6fd5d-56cb-497a-9eba-a733be927ac2: TaskStarted(11,1054,Some(AttributeKey[sbt.Settings[sbt.Scope]]("settingsData") in Scope(Global)))
Sending msg to client play-fork-run-84f6fd5d-56cb-497a-9eba-a733be927ac2: TaskFinished(11,1105,Some(AttributeKey[xsbti.compile.GlobalsCache]("compilerCache") in Scope(Global)),true,None)
Sending msg to client play-fork-run-84f6fd5d-56cb-497a-9eba-a733be927ac2: TaskFinished(11,1061,Some(AttributeKey[java.io.File]("dependencyCacheDirectory") in Scope(Build: file:/C:/Users/Gita/HelloWorld/, , Project: ProjectReference(file:/C:/Users/Gita/HelloWorld/,root))),true,None)
Sending msg to client play-fork-run-84f6fd5d-56cb-497a-9eba-a733be927ac2: TaskFinished(11,1099,Some(AttributeKey[scala.collection.Seq[java.lang.String]]("javacOptions") in Scope(Build: file:/C:/Users/Gita/HelloWorld/, , Project: ProjectReference(file:/C:/Users/Gita/HelloWorld/,root), Config: compile)),true,None)
Sending msg to client play-fork-run-84f6fd5d-56cb-497a-9eba-a733be927ac2: TaskFinished(11,1103,Some(AttributeKey[sbt.inc.IncOptions]("incOptions") in Scope(Build: file:/C:/Users/Gita/HelloWorld/, , Project: ProjectReference(file:/C:/Users/Gita/HelloWorld/,root))),true,None)
Sending msg to client play-fork-run-84f6fd5d-56cb-497a-9eba-a733be927ac2: TaskFinished(11,1116,Some(AttributeKey[scala.collection.Seq[java.io.File]]("sources") in Scope(Build: file:/C:/Users/Gita/HelloWorld/, , Project: ProjectReference(file:/C:/Users/Gita/HelloWorld/,root), Config: compile, Task: AttributeKey[scala.collection.Seq[java.io.File]]("playRoutes"))),true,None)
Sending msg to client play-fork-run-84f6fd5d-56cb-497a-9eba-a733be927ac2: TaskStarted(11,1115,None)
Sending msg to client play-fork-run-84f6fd5d-56cb-497a-9eba-a733be927ac2: TaskFinished(11,1122,Some(AttributeKey[scala.collection.Seq[java.lang.String]]("scalacOptions") in Scope(Build: file:/C:/Users/Gita/HelloWorld/, , Project: ProjectReference(file:/C:/Users/Gita/HelloWorld/,root))),true,None)
Sending msg to client play-fork-run-84f6fd5d-56cb-497a-9eba-a733be927ac2: TaskStarted(11,1121,Some(AttributeKey[java.lang.String]("twirlSourceEncoding") in Scope(Build: file:/C:/Users/Gita/HelloWorld/, , Project: ProjectReference(file:/C:/Users/Gita/HelloWorld/,root))))
Sending msg to client play-fork-run-84f6fd5d-56cb-497a-9eba-a733be927ac2: TaskFinished(11,1062,Some(AttributeKey[scala.collection.Seq[sbt.UpdateReport]]("transitiveUpdate") in Scope(Build: file:/C:/Users/Gita/HelloWorld/, , Project: ProjectReference(file:/C:/Users/Gita/HelloWorld/,root))),true,None)
Sending msg to client play-fork-run-84f6fd5d-56cb-497a-9eba-a733be927ac2: TaskFinished(11,1126,Some(AttributeKey[scala.collection.Seq[java.io.File]]("unmanagedSources") in Scope(Build: file:/C:/Users/Gita/HelloWorld/, , Project: ProjectReference(file:/C:/Users/Gita/HelloWorld/,root), Config: compile)),true,None)
Sending msg to client play-fork-run-84f6fd5d-56cb-497a-9eba-a733be927ac2: TaskFinished(11,1054,Some(AttributeKey[sbt.Settings[sbt.Scope]]("settingsData") in Scope(Global)),true,None)
Sending msg to client play-fork-run-84f6fd5d-56cb-497a-9eba-a733be927ac2: TaskStarted(11,1075,Some(AttributeKey[scala.collection.immutable.Map[org.apache.ivy.core.module.id.ModuleRevisionId,org.apache.ivy.core.module.descriptor.ModuleDescriptor]]("projectDescriptors") in Scope(Build: file:/C:/Users/Gita/HelloWorld/, , Project: ProjectReference(file:/C:/Users/Gita/HelloWorld/,root))))
Sending msg to client play-fork-run-84f6fd5d-56cb-497a-9eba-a733be927ac2: TaskStarted(11,1081,Some(AttributeKey[scala.collection.Seq[sbt.ModuleID]]("projectDependencies") in Scope(Build: file:/C:/Users/Gita/HelloWorld/, , Project: ProjectReference(file:/C:/Users/Gita/HelloWorld/,root))))
Sending msg to client play-fork-run-84f6fd5d-56cb-497a-9eba-a733be927ac2: TaskStarted(11,1082,None)
Sending msg to client play-fork-run-84f6fd5d-56cb-497a-9eba-a733be927ac2: TaskStarted(11,1097,None)
Sending msg to client play-fork-run-84f6fd5d-56cb-497a-9eba-a733be927ac2: TaskStarted(11,1131,Some(AttributeKey[sbt.ScalaInstance]("scalaInstance") in Scope(Build: file:/C:/Users/Gita/HelloWorld/, , Project: ProjectReference(file:/C:/Users/Gita/HelloWorld/,root))))
Sending msg to client play-fork-run-84f6fd5d-56cb-497a-9eba-a733be927ac2: TaskStarted(11,1134,None)
Sending msg to client play-fork-run-84f6fd5d-56cb-497a-9eba-a733be927ac2: TaskFinished(11,1115,None,true,None)
Sending msg to client play-fork-run-84f6fd5d-56cb-497a-9eba-a733be927ac2: TaskStarted(11,1114,Some(AttributeKey[scala.collection.Seq[play.routes.compiler.RoutesCompiler$RoutesCompilerTask]]("playRoutesTasks") in Scope(Build: file:/C:/Users/Gita/HelloWorld/, , Project: ProjectReference(file:/C:/Users/Gita/HelloWorld/,root), Config: compile)))
Sending msg to client play-fork-run-84f6fd5d-56cb-497a-9eba-a733be927ac2: TaskFinished(11,1121,Some(AttributeKey[java.lang.String]("twirlSourceEncoding") in Scope(Build: file:/C:/Users/Gita/HelloWorld/, , Project: ProjectReference(file:/C:/Users/Gita/HelloWorld/,root))),true,None)
Sending msg to client play-fork-run-84f6fd5d-56cb-497a-9eba-a733be927ac2: TaskStarted(11,1120,None)
Sending msg to client play-fork-run-84f6fd5d-56cb-497a-9eba-a733be927ac2: TaskStarted(11,1137,None)
Sending msg to client play-fork-run-84f6fd5d-56cb-497a-9eba-a733be927ac2: TaskFinished(11,1081,Some(AttributeKey[scala.collection.Seq[sbt.ModuleID]]("projectDependencies") in Scope(Build: file:/C:/Users/Gita/HelloWorld/, , Project: ProjectReference(file:/C:/Users/Gita/HelloWorld/,root))),true,None)
Sending msg to client play-fork-run-84f6fd5d-56cb-497a-9eba-a733be927ac2: TaskStarted(11,1080,Some(AttributeKey[scala.collection.Seq[sbt.ModuleID]]("allDependencies") in Scope(Build: file:/C:/Users/Gita/HelloWorld/, , Project: ProjectReference(file:/C:/Users/Gita/HelloWorld/,root))))
Sending msg to client play-fork-run-84f6fd5d-56cb-497a-9eba-a733be927ac2: TaskStarted(11,1145,None)
Sending msg to client play-fork-run-84f6fd5d-56cb-497a-9eba-a733be927ac2: TaskStarted(11,1146,None)
Sending msg to client play-fork-run-84f6fd5d-56cb-497a-9eba-a733be927ac2: TaskStarted(11,1148,None)
Sending msg to client play-fork-run-84f6fd5d-56cb-497a-9eba-a733be927ac2: TaskStarted(11,1153,None)
Sending msg to client play-fork-run-84f6fd5d-56cb-497a-9eba-a733be927ac2: TaskStarted(11,1155,None)
Sending msg to client play-fork-run-84f6fd5d-56cb-497a-9eba-a733be927ac2: TaskStarted(11,1156,None)
Sending msg to client play-fork-run-84f6fd5d-56cb-497a-9eba-a733be927ac2: TaskStarted(11,1159,None)
Sending msg to client play-fork-run-84f6fd5d-56cb-497a-9eba-a733be927ac2: TaskFinished(11,1137,None,true,None)
Sending msg to client play-fork-run-84f6fd5d-56cb-497a-9eba-a733be927ac2: TaskStarted(11,1136,Some(AttributeKey[scala.collection.Seq[scala.Function1[xsbti.Position,scala.Option[xsbti.Position]]]]("sourcePositionMappers") in Scope(Build: file:/C:/Users/Gita/HelloWorld/, , Project: ProjectReference(file:/C:/Users/Gita/HelloWorld/,root))))
Sending msg to client play-fork-run-84f6fd5d-56cb-497a-9eba-a733be927ac2: TaskFinished(11,1080,Some(AttributeKey[scala.collection.Seq[sbt.ModuleID]]("allDependencies") in Scope(Build: file:/C:/Users/Gita/HelloWorld/, , Project: ProjectReference(file:/C:/Users/Gita/HelloWorld/,root))),true,None)
Sending msg to client play-fork-run-84f6fd5d-56cb-497a-9eba-a733be927ac2: TaskStarted(11,1079,Some(AttributeKey[sbt.ModuleSettings]("moduleSettings") in Scope(Build: file:/C:/Users/Gita/HelloWorld/, , Project: ProjectReference(file:/C:/Users/Gita/HelloWorld/,root))))
Sending msg to client play-fork-run-84f6fd5d-56cb-497a-9eba-a733be927ac2: TaskFinished(11,1145,None,true,None)
Sending msg to client play-fork-run-84f6fd5d-56cb-497a-9eba-a733be927ac2: TaskStarted(11,1144,None)
Sending msg to client play-fork-run-84f6fd5d-56cb-497a-9eba-a733be927ac2: TaskFinished(11,1146,None,true,None)
Sending msg to client play-fork-run-84f6fd5d-56cb-497a-9eba-a733be927ac2: TaskFinished(11,1082,None,true,None)
Sending msg to client play-fork-run-84f6fd5d-56cb-497a-9eba-a733be927ac2: TaskFinished(11,1148,None,true,None)
Sending msg to client play-fork-run-84f6fd5d-56cb-497a-9eba-a733be927ac2: TaskStarted(11,1147,None)
Sending msg to client play-fork-run-84f6fd5d-56cb-497a-9eba-a733be927ac2: TaskFinished(11,1153,None,true,None)
Sending msg to client play-fork-run-84f6fd5d-56cb-497a-9eba-a733be927ac2: TaskStarted(11,1152,None)
Sending msg to client play-fork-run-84f6fd5d-56cb-497a-9eba-a733be927ac2: TaskFinished(11,1156,None,true,None)
Sending msg to client play-fork-run-84f6fd5d-56cb-497a-9eba-a733be927ac2: TaskFinished(11,1155,None,true,None)
Sending msg to client play-fork-run-84f6fd5d-56cb-497a-9eba-a733be927ac2: TaskStarted(11,1154,Some(AttributeKey[scala.collection.Seq[sbt.Attributed[java.io.File]]]("unmanagedJars") in Scope(Build: file:/C:/Users/Gita/HelloWorld/, , Project: ProjectReference(file:/C:/Users/Gita/HelloWorld/,root), Config: compile)))
Sending msg to client play-fork-run-84f6fd5d-56cb-497a-9eba-a733be927ac2: TaskFinished(11,1159,None,true,None)
Sending msg to client play-fork-run-84f6fd5d-56cb-497a-9eba-a733be927ac2: TaskStarted(11,1158,None)
Sending msg to client play-fork-run-84f6fd5d-56cb-497a-9eba-a733be927ac2: TaskFinished(11,1136,Some(AttributeKey[scala.collection.Seq[scala.Function1[xsbti.Position,scala.Option[xsbti.Position]]]]("sourcePositionMappers") in Scope(Build: file:/C:/Users/Gita/HelloWorld/, , Project: ProjectReference(file:/C:/Users/Gita/HelloWorld/,root))),true,None)
Sending msg to client play-fork-run-84f6fd5d-56cb-497a-9eba-a733be927ac2: TaskStarted(11,1135,Some(AttributeKey[scala.collection.Seq[scala.Function1[xsbti.Position,scala.Option[xsbti.Position]]]]("sourcePositionMappers") in Scope(Build: file:/C:/Users/Gita/HelloWorld/, , Project: ProjectReference(file:/C:/Users/Gita/HelloWorld/,root))))
Sending msg to client play-fork-run-84f6fd5d-56cb-497a-9eba-a733be927ac2: TaskFinished(11,1079,Some(AttributeKey[sbt.ModuleSettings]("moduleSettings") in Scope(Build: file:/C:/Users/Gita/HelloWorld/, , Project: ProjectReference(file:/C:/Users/Gita/HelloWorld/,root))),true,None)
Sending msg to client play-fork-run-84f6fd5d-56cb-497a-9eba-a733be927ac2: TaskFinished(11,1120,None,true,None)
Sending msg to client play-fork-run-84f6fd5d-56cb-497a-9eba-a733be927ac2: TaskStarted(11,1119,Some(AttributeKey[scala.collection.Seq[java.io.File]]("twirlCompileTemplates") in Scope(Build: file:/C:/Users/Gita/HelloWorld/, , Project: ProjectReference(file:/C:/Users/Gita/HelloWorld/,root), Config: compile)))
Sending msg to client play-fork-run-84f6fd5d-56cb-497a-9eba-a733be927ac2: TaskFinished(11,1144,None,true,None)
Sending msg to client play-fork-run-84f6fd5d-56cb-497a-9eba-a733be927ac2: TaskFinished(11,1075,Some(AttributeKey[scala.collection.immutable.Map[org.apache.ivy.core.module.id.ModuleRevisionId,org.apache.ivy.core.module.descriptor.ModuleDescriptor]]("projectDescriptors") in Scope(Build: file:/C:/Users/Gita/HelloWorld/, , Project: ProjectReference(file:/C:/Users/Gita/HelloWorld/,root))),true,None)
Sending msg to client play-fork-run-84f6fd5d-56cb-497a-9eba-a733be927ac2: TaskStarted(11,1074,Some(AttributeKey[sbt.Resolver]("projectResolver") in Scope(Build: file:/C:/Users/Gita/HelloWorld/, , Project: ProjectReference(file:/C:/Users/Gita/HelloWorld/,root))))
Sending msg to client play-fork-run-84f6fd5d-56cb-497a-9eba-a733be927ac2: TaskFinished(11,1147,None,true,None)
Sending msg to client play-fork-run-84f6fd5d-56cb-497a-9eba-a733be927ac2: TaskFinished(11,1134,None,true,None)
Sending msg to client play-fork-run-84f6fd5d-56cb-497a-9eba-a733be927ac2: TaskStarted(11,1160,None)
Sending msg to client play-fork-run-84f6fd5d-56cb-497a-9eba-a733be927ac2: TaskFinished(11,1158,None,true,None)
Sending msg to client play-fork-run-84f6fd5d-56cb-497a-9eba-a733be927ac2: TaskFinished(11,1114,Some(AttributeKey[scala.collection.Seq[play.routes.compiler.RoutesCompiler$RoutesCompilerTask]]("playRoutesTasks") in Scope(Build: file:/C:/Users/Gita/HelloWorld/, , Project: ProjectReference(file:/C:/Users/Gita/HelloWorld/,root), Config: compile)),true,None)
Sending msg to client play-fork-run-84f6fd5d-56cb-497a-9eba-a733be927ac2: TaskStarted(11,1112,Some(AttributeKey[scala.collection.Seq[java.io.File]]("playRoutes") in Scope(Build: file:/C:/Users/Gita/HelloWorld/, , Project: ProjectReference(file:/C:/Users/Gita/HelloWorld/,root), Config: compile)))
Sending msg to client play-fork-run-84f6fd5d-56cb-497a-9eba-a733be927ac2: TaskFinished(11,1154,Some(AttributeKey[scala.collection.Seq[sbt.Attributed[java.io.File]]]("unmanagedJars") in Scope(Build: file:/C:/Users/Gita/HelloWorld/, , Project: ProjectReference(file:/C:/Users/Gita/HelloWorld/,root), Config: compile)),true,None)
Sending msg to client play-fork-run-84f6fd5d-56cb-497a-9eba-a733be927ac2: TaskFinished(11,1135,Some(AttributeKey[scala.collection.Seq[scala.Function1[xsbti.Position,scala.Option[xsbti.Position]]]]("sourcePositionMappers") in Scope(Build: file:/C:/Users/Gita/HelloWorld/, , Project: ProjectReference(file:/C:/Users/Gita/HelloWorld/,root))),true,None)
Sending msg to client play-fork-run-84f6fd5d-56cb-497a-9eba-a733be927ac2: TaskFinished(11,1119,Some(AttributeKey[scala.collection.Seq[java.io.File]]("twirlCompileTemplates") in Scope(Build: file:/C:/Users/Gita/HelloWorld/, , Project: ProjectReference(file:/C:/Users/Gita/HelloWorld/,root), Config: compile)),true,None)
Sending msg to client play-fork-run-84f6fd5d-56cb-497a-9eba-a733be927ac2: TaskFinished(11,1074,Some(AttributeKey[sbt.Resolver]("projectResolver") in Scope(Build: file:/C:/Users/Gita/HelloWorld/, , Project: ProjectReference(file:/C:/Users/Gita/HelloWorld/,root))),true,None)
Sending msg to client play-fork-run-84f6fd5d-56cb-497a-9eba-a733be927ac2: TaskStarted(11,1072,Some(AttributeKey[scala.collection.Seq[sbt.Resolver]]("fullResolvers") in Scope(Build: file:/C:/Users/Gita/HelloWorld/, , Project: ProjectReference(file:/C:/Users/Gita/HelloWorld/,root))))
Sending msg to client play-fork-run-84f6fd5d-56cb-497a-9eba-a733be927ac2: TaskFinished(11,1160,None,true,None)
Sending msg to client play-fork-run-84f6fd5d-56cb-497a-9eba-a733be927ac2: TaskFinished(11,1152,None,true,None)
Sending msg to client play-fork-run-84f6fd5d-56cb-497a-9eba-a733be927ac2: TaskStarted(11,1151,Some(AttributeKey[scala.collection.Seq[sbt.Attributed[java.io.File]]]("unmanagedJars") in Scope(Build: file:/C:/Users/Gita/HelloWorld/, , Project: ProjectReference(file:/C:/Users/Gita/HelloWorld/,root), Config: compile)))
Sending msg to client play-fork-run-84f6fd5d-56cb-497a-9eba-a733be927ac2: TaskFinished(11,1072,Some(AttributeKey[scala.collection.Seq[sbt.Resolver]]("fullResolvers") in Scope(Build: file:/C:/Users/Gita/HelloWorld/, , Project: ProjectReference(file:/C:/Users/Gita/HelloWorld/,root))),true,None)
Sending msg to client play-fork-run-84f6fd5d-56cb-497a-9eba-a733be927ac2: TaskStarted(11,1070,Some(AttributeKey[sbt.IvyConfiguration]("ivyConfiguration") in Scope(Build: file:/C:/Users/Gita/HelloWorld/, , Project: ProjectReference(file:/C:/Users/Gita/HelloWorld/,root))))
Sending msg to client play-fork-run-84f6fd5d-56cb-497a-9eba-a733be927ac2: TaskFinished(11,1151,Some(AttributeKey[scala.collection.Seq[sbt.Attributed[java.io.File]]]("unmanagedJars") in Scope(Build: file:/C:/Users/Gita/HelloWorld/, , Project: ProjectReference(file:/C:/Users/Gita/HelloWorld/,root), Config: compile)),true,None)
Sending msg to client play-fork-run-84f6fd5d-56cb-497a-9eba-a733be927ac2: TaskStarted(11,1150,None)
Sending msg to client play-fork-run-84f6fd5d-56cb-497a-9eba-a733be927ac2: TaskFinished(11,1150,None,true,None)
Sending msg to client play-fork-run-84f6fd5d-56cb-497a-9eba-a733be927ac2: TaskStarted(11,1149,None)
Sending msg to client play-fork-run-84f6fd5d-56cb-497a-9eba-a733be927ac2: TaskFinished(11,1070,Some(AttributeKey[sbt.IvyConfiguration]("ivyConfiguration") in Scope(Build: file:/C:/Users/Gita/HelloWorld/, , Project: ProjectReference(file:/C:/Users/Gita/HelloWorld/,root))),true,None)
Sending msg to client play-fork-run-84f6fd5d-56cb-497a-9eba-a733be927ac2: TaskStarted(11,1068,Some(AttributeKey[sbt.IvySbt]("ivySbt") in Scope(Build: file:/C:/Users/Gita/HelloWorld/, , Project: ProjectReference(file:/C:/Users/Gita/HelloWorld/,root))))
Sending msg to client play-fork-run-84f6fd5d-56cb-497a-9eba-a733be927ac2: TaskFinished(11,1149,None,true,None)
Sending msg to client play-fork-run-84f6fd5d-56cb-497a-9eba-a733be927ac2: TaskFinished(11,1097,None,true,None)
Sending msg to client play-fork-run-84f6fd5d-56cb-497a-9eba-a733be927ac2: TaskStarted(11,1096,Some(AttributeKey[scala.collection.Seq[sbt.Attributed[java.io.File]]]("unmanagedClasspath") in Scope(Build: file:/C:/Users/Gita/HelloWorld/, , Project: ProjectReference(file:/C:/Users/Gita/HelloWorld/,root), Config: compile)))
Sending msg to client play-fork-run-84f6fd5d-56cb-497a-9eba-a733be927ac2: TaskFinished(11,1068,Some(AttributeKey[sbt.IvySbt]("ivySbt") in Scope(Build: file:/C:/Users/Gita/HelloWorld/, , Project: ProjectReference(file:/C:/Users/Gita/HelloWorld/,root))),true,None)
Sending msg to client play-fork-run-84f6fd5d-56cb-497a-9eba-a733be927ac2: TaskStarted(11,1067,Some(AttributeKey[sbt.IvySbt$Module]("ivyModule") in Scope(Build: file:/C:/Users/Gita/HelloWorld/, , Project: ProjectReference(file:/C:/Users/Gita/HelloWorld/,root))))
Sending msg to client play-fork-run-84f6fd5d-56cb-497a-9eba-a733be927ac2: TaskFinished(11,1096,Some(AttributeKey[scala.collection.Seq[sbt.Attributed[java.io.File]]]("unmanagedClasspath") in Scope(Build: file:/C:/Users/Gita/HelloWorld/, , Project: ProjectReference(file:/C:/Users/Gita/HelloWorld/,root), Config: compile)),true,None)
Sending msg to client play-fork-run-84f6fd5d-56cb-497a-9eba-a733be927ac2: TaskFinished(11,1067,Some(AttributeKey[sbt.IvySbt$Module]("ivyModule") in Scope(Build: file:/C:/Users/Gita/HelloWorld/, , Project: ProjectReference(file:/C:/Users/Gita/HelloWorld/,root))),true,None)
Sending msg to client play-fork-run-84f6fd5d-56cb-497a-9eba-a733be927ac2: TaskFinished(11,1112,Some(AttributeKey[scala.collection.Seq[java.io.File]]("playRoutes") in Scope(Build: file:/C:/Users/Gita/HelloWorld/, , Project: ProjectReference(file:/C:/Users/Gita/HelloWorld/,root), Config: compile)),true,None)
Sending msg to client play-fork-run-84f6fd5d-56cb-497a-9eba-a733be927ac2: TaskStarted(11,1111,None)
Sending msg to client play-fork-run-84f6fd5d-56cb-497a-9eba-a733be927ac2: TaskFinished(11,1086,Some(AttributeKey[scala.collection.immutable.Map[sbt.ModuleID,sbt.SourcePosition]]("dependencyPositions") in Scope(Build: file:/C:/Users/Gita/HelloWorld/, , Project: ProjectReference(file:/C:/Users/Gita/HelloWorld/,root))),true,None)
Sending msg to client play-fork-run-84f6fd5d-56cb-497a-9eba-a733be927ac2: TaskStarted(11,1085,Some(AttributeKey[sbt.UnresolvedWarningConfiguration]("unresolvedWarningConfiguration") in Scope(Build: file:/C:/Users/Gita/HelloWorld/, , Project: ProjectReference(file:/C:/Users/Gita/HelloWorld/,root), Task: AttributeKey[sbt.UpdateReport]("update"))))
Sending msg to client play-fork-run-84f6fd5d-56cb-497a-9eba-a733be927ac2: TaskFinished(11,1111,None,true,None)
Sending msg to client play-fork-run-84f6fd5d-56cb-497a-9eba-a733be927ac2: TaskStarted(11,1110,Some(AttributeKey[scala.collection.Seq[java.io.File]]("managedSources") in Scope(Build: file:/C:/Users/Gita/HelloWorld/, , Project: ProjectReference(file:/C:/Users/Gita/HelloWorld/,root), Config: compile)))
Sending msg to client play-fork-run-84f6fd5d-56cb-497a-9eba-a733be927ac2: TaskFinished(11,1085,Some(AttributeKey[sbt.UnresolvedWarningConfiguration]("unresolvedWarningConfiguration") in Scope(Build: file:/C:/Users/Gita/HelloWorld/, , Project: ProjectReference(file:/C:/Users/Gita/HelloWorld/,root), Task: AttributeKey[sbt.UpdateReport]("update"))),true,None)
Sending msg to client play-fork-run-84f6fd5d-56cb-497a-9eba-a733be927ac2: TaskStarted(11,1059,Some(AttributeKey[sbt.UpdateReport]("update") in Scope(Build: file:/C:/Users/Gita/HelloWorld/, , Project: ProjectReference(file:/C:/Users/Gita/HelloWorld/,root))))
Sending msg to client play-fork-run-84f6fd5d-56cb-497a-9eba-a733be927ac2: TaskFinished(11,1110,Some(AttributeKey[scala.collection.Seq[java.io.File]]("managedSources") in Scope(Build: file:/C:/Users/Gita/HelloWorld/, , Project: ProjectReference(file:/C:/Users/Gita/HelloWorld/,root), Config: compile)),true,None)
Sending msg to client play-fork-run-84f6fd5d-56cb-497a-9eba-a733be927ac2: TaskStarted(11,1109,Some(AttributeKey[scala.collection.Seq[java.io.File]]("sources") in Scope(Build: file:/C:/Users/Gita/HelloWorld/, , Project: ProjectReference(file:/C:/Users/Gita/HelloWorld/,root), Config: compile)))
Sending msg to client play-fork-run-84f6fd5d-56cb-497a-9eba-a733be927ac2: TaskFinished(11,1109,Some(AttributeKey[scala.collection.Seq[java.io.File]]("sources") in Scope(Build: file:/C:/Users/Gita/HelloWorld/, , Project: ProjectReference(file:/C:/Users/Gita/HelloWorld/,root), Config: compile)),true,None)
Sending msg to client play-fork-run-84f6fd5d-56cb-497a-9eba-a733be927ac2: TaskFinished(11,1059,Some(AttributeKey[sbt.UpdateReport]("update") in Scope(Build: file:/C:/Users/Gita/HelloWorld/, , Project: ProjectReference(file:/C:/Users/Gita/HelloWorld/,root))),true,None)
Sending msg to client play-fork-run-84f6fd5d-56cb-497a-9eba-a733be927ac2: TaskStarted(11,1058,Some(AttributeKey[sbt.UpdateReport]("update") in Scope(Build: file:/C:/Users/Gita/HelloWorld/, , Project: ProjectReference(file:/C:/Users/Gita/HelloWorld/,root))))
Sending msg to client play-fork-run-84f6fd5d-56cb-497a-9eba-a733be927ac2: TaskFinished(11,1058,Some(AttributeKey[sbt.UpdateReport]("update") in Scope(Build: file:/C:/Users/Gita/HelloWorld/, , Project: ProjectReference(file:/C:/Users/Gita/HelloWorld/,root))),true,None)
Sending msg to client play-fork-run-84f6fd5d-56cb-497a-9eba-a733be927ac2: TaskStarted(11,1057,Some(AttributeKey[sbt.Configuration]("classpathConfiguration") in Scope(Build: file:/C:/Users/Gita/HelloWorld/, , Project: ProjectReference(file:/C:/Users/Gita/HelloWorld/,root), Config: compile)))
Sending msg to client play-fork-run-84f6fd5d-56cb-497a-9eba-a733be927ac2: TaskStarted(11,1133,Some(AttributeKey[scala.collection.Seq[java.lang.String]]("scalacOptions") in Scope(Build: file:/C:/Users/Gita/HelloWorld/, , Project: ProjectReference(file:/C:/Users/Gita/HelloWorld/,root), Config: compile)))
Sending msg to client play-fork-run-84f6fd5d-56cb-497a-9eba-a733be927ac2: TaskStarted(11,1157,None)
Sending msg to client play-fork-run-84f6fd5d-56cb-497a-9eba-a733be927ac2: TaskFinished(11,1057,Some(AttributeKey[sbt.Configuration]("classpathConfiguration") in Scope(Build: file:/C:/Users/Gita/HelloWorld/, , Project: ProjectReference(file:/C:/Users/Gita/HelloWorld/,root), Config: compile)),true,None)
Sending msg to client play-fork-run-84f6fd5d-56cb-497a-9eba-a733be927ac2: TaskStarted(11,1053,None)
Sending msg to client play-fork-run-84f6fd5d-56cb-497a-9eba-a733be927ac2: TaskStarted(11,1095,None)
Sending msg to client play-fork-run-84f6fd5d-56cb-497a-9eba-a733be927ac2: TaskFinished(11,1157,None,true,None)
Sending msg to client play-fork-run-84f6fd5d-56cb-497a-9eba-a733be927ac2: TaskFinished(11,1131,Some(AttributeKey[sbt.ScalaInstance]("scalaInstance") in Scope(Build: file:/C:/Users/Gita/HelloWorld/, , Project: ProjectReference(file:/C:/Users/Gita/HelloWorld/,root))),true,None)
Sending msg to client play-fork-run-84f6fd5d-56cb-497a-9eba-a733be927ac2: TaskStarted(11,1129,Some(AttributeKey[sbt.Compiler$Compilers]("compilers") in Scope(Global)))
Sending msg to client play-fork-run-84f6fd5d-56cb-497a-9eba-a733be927ac2: TaskFinished(11,1133,Some(AttributeKey[scala.collection.Seq[java.lang.String]]("scalacOptions") in Scope(Build: file:/C:/Users/Gita/HelloWorld/, , Project: ProjectReference(file:/C:/Users/Gita/HelloWorld/,root), Config: compile)),true,None)
Sending msg to client play-fork-run-84f6fd5d-56cb-497a-9eba-a733be927ac2: TaskStarted(11,1163,None)
Sending msg to client play-fork-run-84f6fd5d-56cb-497a-9eba-a733be927ac2: TaskStarted(11,1164,None)
Sending msg to client play-fork-run-84f6fd5d-56cb-497a-9eba-a733be927ac2: TaskFinished(11,1095,None,true,None)
Sending msg to client play-fork-run-84f6fd5d-56cb-497a-9eba-a733be927ac2: TaskStarted(11,1093,Some(AttributeKey[scala.collection.Seq[sbt.Attributed[java.io.File]]]("managedClasspath") in Scope(Build: file:/C:/Users/Gita/HelloWorld/, , Project: ProjectReference(file:/C:/Users/Gita/HelloWorld/,root), Config: compile)))
Sending msg to client play-fork-run-84f6fd5d-56cb-497a-9eba-a733be927ac2: TaskFinished(11,1129,Some(AttributeKey[sbt.Compiler$Compilers]("compilers") in Scope(Global)),true,None)
Sending msg to client play-fork-run-84f6fd5d-56cb-497a-9eba-a733be927ac2: TaskFinished(11,1163,None,true,None)
Sending msg to client play-fork-run-84f6fd5d-56cb-497a-9eba-a733be927ac2: TaskFinished(11,1164,None,true,None)
Sending msg to client play-fork-run-84f6fd5d-56cb-497a-9eba-a733be927ac2: TaskStarted(11,1162,None)
Sending msg to client play-fork-run-84f6fd5d-56cb-497a-9eba-a733be927ac2: TaskFinished(11,1162,None,true,None)
Sending msg to client play-fork-run-84f6fd5d-56cb-497a-9eba-a733be927ac2: TaskStarted(11,1161,None)
Sending msg to client play-fork-run-84f6fd5d-56cb-497a-9eba-a733be927ac2: TaskFinished(11,1161,None,true,None)
Sending msg to client play-fork-run-84f6fd5d-56cb-497a-9eba-a733be927ac2: TaskFinished(11,1053,None,true,None)
Sending msg to client play-fork-run-84f6fd5d-56cb-497a-9eba-a733be927ac2: TaskStarted(11,1052,Some(AttributeKey[scala.collection.Seq[sbt.Attributed[java.io.File]]]("internalDependencyClasspath") in Scope(Build: file:/C:/Users/Gita/HelloWorld/, , Project: ProjectReference(file:/C:/Users/Gita/HelloWorld/,root), Config: compile)))
Sending msg to client play-fork-run-84f6fd5d-56cb-497a-9eba-a733be927ac2: TaskFinished(11,1052,Some(AttributeKey[scala.collection.Seq[sbt.Attributed[java.io.File]]]("internalDependencyClasspath") in Scope(Build: file:/C:/Users/Gita/HelloWorld/, , Project: ProjectReference(file:/C:/Users/Gita/HelloWorld/,root), Config: compile)),true,None)
Sending msg to client play-fork-run-84f6fd5d-56cb-497a-9eba-a733be927ac2: TaskFinished(11,1093,Some(AttributeKey[scala.collection.Seq[sbt.Attributed[java.io.File]]]("managedClasspath") in Scope(Build: file:/C:/Users/Gita/HelloWorld/, , Project: ProjectReference(file:/C:/Users/Gita/HelloWorld/,root), Config: compile)),true,None)
Sending msg to client play-fork-run-84f6fd5d-56cb-497a-9eba-a733be927ac2: TaskStarted(11,1092,None)
Sending msg to client play-fork-run-84f6fd5d-56cb-497a-9eba-a733be927ac2: TaskFinished(11,1092,None,true,None)
Sending msg to client play-fork-run-84f6fd5d-56cb-497a-9eba-a733be927ac2: TaskStarted(11,1090,Some(AttributeKey[scala.collection.Seq[sbt.Attributed[java.io.File]]]("externalDependencyClasspath") in Scope(Build: file:/C:/Users/Gita/HelloWorld/, , Project: ProjectReference(file:/C:/Users/Gita/HelloWorld/,root), Config: compile)))
Sending msg to client play-fork-run-84f6fd5d-56cb-497a-9eba-a733be927ac2: TaskFinished(11,1090,Some(AttributeKey[scala.collection.Seq[sbt.Attributed[java.io.File]]]("externalDependencyClasspath") in Scope(Build: file:/C:/Users/Gita/HelloWorld/, , Project: ProjectReference(file:/C:/Users/Gita/HelloWorld/,root), Config: compile)),true,None)
Sending msg to client play-fork-run-84f6fd5d-56cb-497a-9eba-a733be927ac2: TaskStarted(11,1051,None)
Sending msg to client play-fork-run-84f6fd5d-56cb-497a-9eba-a733be927ac2: TaskFinished(11,1051,None,true,None)
Sending msg to client play-fork-run-84f6fd5d-56cb-497a-9eba-a733be927ac2: TaskStarted(11,1049,Some(AttributeKey[scala.collection.Seq[sbt.Attributed[java.io.File]]]("dependencyClasspath") in Scope(Build: file:/C:/Users/Gita/HelloWorld/, , Project: ProjectReference(file:/C:/Users/Gita/HelloWorld/,root), Config: compile)))
Sending msg to client play-fork-run-84f6fd5d-56cb-497a-9eba-a733be927ac2: TaskFinished(11,1049,Some(AttributeKey[scala.collection.Seq[sbt.Attributed[java.io.File]]]("dependencyClasspath") in Scope(Build: file:/C:/Users/Gita/HelloWorld/, , Project: ProjectReference(file:/C:/Users/Gita/HelloWorld/,root), Config: compile)),true,None)
Sending msg to client play-fork-run-84f6fd5d-56cb-497a-9eba-a733be927ac2: TaskStarted(11,1102,Some(AttributeKey[sbt.Compiler$IncSetup]("incCompileSetup") in Scope(Build: file:/C:/Users/Gita/HelloWorld/, , Project: ProjectReference(file:/C:/Users/Gita/HelloWorld/,root), Config: compile)))
Sending msg to client play-fork-run-84f6fd5d-56cb-497a-9eba-a733be927ac2: TaskFinished(11,1102,Some(AttributeKey[sbt.Compiler$IncSetup]("incCompileSetup") in Scope(Build: file:/C:/Users/Gita/HelloWorld/, , Project: ProjectReference(file:/C:/Users/Gita/HelloWorld/,root), Config: compile)),true,None)
Sending msg to client play-fork-run-84f6fd5d-56cb-497a-9eba-a733be927ac2: TaskStarted(11,1048,Some(AttributeKey[sbt.Compiler$Inputs]("compileInputs") in Scope(Build: file:/C:/Users/Gita/HelloWorld/, , Project: ProjectReference(file:/C:/Users/Gita/HelloWorld/,root), Config: compile, Task: AttributeKey[sbt.inc.Analysis]("compile"))))
Sending msg to client play-fork-run-84f6fd5d-56cb-497a-9eba-a733be927ac2: TaskStarted(11,1140,Some(AttributeKey[sbt.Compiler$PreviousAnalysis]("readAnalysis") in Scope(Build: file:/C:/Users/Gita/HelloWorld/, , Project: ProjectReference(file:/C:/Users/Gita/HelloWorld/,root), Config: compile)))
Sending msg to client play-fork-run-84f6fd5d-56cb-497a-9eba-a733be927ac2: TaskFinished(11,1140,Some(AttributeKey[sbt.Compiler$PreviousAnalysis]("readAnalysis") in Scope(Build: file:/C:/Users/Gita/HelloWorld/, , Project: ProjectReference(file:/C:/Users/Gita/HelloWorld/,root), Config: compile)),true,None)
Sending msg to client play-fork-run-84f6fd5d-56cb-497a-9eba-a733be927ac2: TaskFinished(11,1048,Some(AttributeKey[sbt.Compiler$Inputs]("compileInputs") in Scope(Build: file:/C:/Users/Gita/HelloWorld/, , Project: ProjectReference(file:/C:/Users/Gita/HelloWorld/,root), Config: compile, Task: AttributeKey[sbt.inc.Analysis]("compile"))),true,None)
Sending msg to client play-fork-run-84f6fd5d-56cb-497a-9eba-a733be927ac2: TaskStarted(11,1141,Some(AttributeKey[scala.Option[xsbti.Reporter]]("compilerReporter") in Scope(Build: file:/C:/Users/Gita/HelloWorld/, , Project: ProjectReference(file:/C:/Users/Gita/HelloWorld/,root), Config: compile, Task: AttributeKey[sbt.inc.Analysis]("compile"))))
Sending msg to client play-fork-run-84f6fd5d-56cb-497a-9eba-a733be927ac2: TaskFinished(11,1141,Some(AttributeKey[scala.Option[xsbti.Reporter]]("compilerReporter") in Scope(Build: file:/C:/Users/Gita/HelloWorld/, , Project: ProjectReference(file:/C:/Users/Gita/HelloWorld/,root), Config: compile, Task: AttributeKey[sbt.inc.Analysis]("compile"))),true,None)
Sending msg to client play-fork-run-84f6fd5d-56cb-497a-9eba-a733be927ac2: TaskStarted(11,1045,Some(AttributeKey[sbt.compiler.IC$Result]("compileIncremental") in Scope(Build: file:/C:/Users/Gita/HelloWorld/, , Project: ProjectReference(file:/C:/Users/Gita/HelloWorld/,root), Config: compile)))
Sending msg to client play-fork-run-84f6fd5d-56cb-497a-9eba-a733be927ac2: TaskLogEvent(1045,LogMessage(debug,
Initial source changes: 
	removed:Set()
	added: Set()
	modified: Set()
Removed products: Set()
External API changes: API Changes: Set()
Modified binary dependencies: Set()
Initial directly invalidated sources: Set()

Sources indirectly invalidated by:
	product: Set()
	binary dep: Set()
	external source: Set()))
Sending msg to client play-fork-run-84f6fd5d-56cb-497a-9eba-a733be927ac2: TaskLogEvent(1045,LogMessage(debug,All initially invalidated sources: Set()
))
Sending msg to client play-fork-run-84f6fd5d-56cb-497a-9eba-a733be927ac2: TaskFinished(11,1045,Some(AttributeKey[sbt.compiler.IC$Result]("compileIncremental") in Scope(Build: file:/C:/Users/Gita/HelloWorld/, , Project: ProjectReference(file:/C:/Users/Gita/HelloWorld/,root), Config: compile)),true,None)
Sending msg to client play-fork-run-84f6fd5d-56cb-497a-9eba-a733be927ac2: TaskStarted(11,1044,Some(AttributeKey[sbt.compiler.IC$Result]("manipulateBytecode") in Scope(Build: file:/C:/Users/Gita/HelloWorld/, , Project: ProjectReference(file:/C:/Users/Gita/HelloWorld/,root), Config: compile)))
Sending msg to client play-fork-run-84f6fd5d-56cb-497a-9eba-a733be927ac2: TaskFinished(11,1044,Some(AttributeKey[sbt.compiler.IC$Result]("manipulateBytecode") in Scope(Build: file:/C:/Users/Gita/HelloWorld/, , Project: ProjectReference(file:/C:/Users/Gita/HelloWorld/,root), Config: compile)),true,None)
Sending msg to client play-fork-run-84f6fd5d-56cb-497a-9eba-a733be927ac2: TaskStarted(11,1043,Some(AttributeKey[sbt.inc.Analysis]("compile") in Scope(Build: file:/C:/Users/Gita/HelloWorld/, , Project: ProjectReference(file:/C:/Users/Gita/HelloWorld/,root), Config: compile)))
Sending msg to client play-fork-run-84f6fd5d-56cb-497a-9eba-a733be927ac2: TaskFinished(11,1043,Some(AttributeKey[sbt.inc.Analysis]("compile") in Scope(Build: file:/C:/Users/Gita/HelloWorld/, , Project: ProjectReference(file:/C:/Users/Gita/HelloWorld/,root), Config: compile)),true,None)
Sending msg to client play-fork-run-84f6fd5d-56cb-497a-9eba-a733be927ac2: TaskStarted(11,1042,Some(AttributeKey[scala.collection.Seq[java.lang.String]]("discoveredMainClasses") in Scope(Build: file:/C:/Users/Gita/HelloWorld/, , Project: ProjectReference(file:/C:/Users/Gita/HelloWorld/,root), Config: compile)))
Sending msg to client play-fork-run-84f6fd5d-56cb-497a-9eba-a733be927ac2: TaskFinished(11,1042,Some(AttributeKey[scala.collection.Seq[java.lang.String]]("discoveredMainClasses") in Scope(Build: file:/C:/Users/Gita/HelloWorld/, , Project: ProjectReference(file:/C:/Users/Gita/HelloWorld/,root), Config: compile)),true,None)
Sending msg to client play-fork-run-84f6fd5d-56cb-497a-9eba-a733be927ac2: TaskStarted(11,1041,None)
Sending msg to client play-fork-run-84f6fd5d-56cb-497a-9eba-a733be927ac2: TaskFinished(11,1041,None,true,None)
Sending msg to client play-fork-run-84f6fd5d-56cb-497a-9eba-a733be927ac2: TaskStarted(11,1040,None)
Sending msg to client play-fork-run-84f6fd5d-56cb-497a-9eba-a733be927ac2: TaskFinished(11,1040,None,true,None)
Sending msg to client play-fork-run-84f6fd5d-56cb-497a-9eba-a733be927ac2: DetachedLogEvent(LogMessage(debug,cancel strategy finish enabled=false lastCommand=Some(LastCommand(CommandExecutionWork(ExecutionId(11),{file:/C:/Users/Gita/HelloWorld/}root/compile:discoveredMainClasses,Set(LiveClient(activator 7852ac4f-45ed-4748-88eb-4641acb5bdb1)),sbt.server.WorkCancellationStatus$$anon$1@28257ed8)))))
Sending msg to client play-fork-run-84f6fd5d-56cb-497a-9eba-a733be927ac2: DetachedLogEvent(LogSuccess(Total time: 0 s, completed Feb 2, 2017 4:25:48 PM))
Sending msg to client play-fork-run-84f6fd5d-56cb-497a-9eba-a733be927ac2: DetachedLogEvent(LogMessage(debug,> server-post-command-cleanup))
Sending msg to client play-fork-run-84f6fd5d-56cb-497a-9eba-a733be927ac2: ExecutionSuccess(11)
Sending msg to client play-fork-run-84f6fd5d-56cb-497a-9eba-a733be927ac2: DetachedLogEvent(LogMessage(debug,> server-handle-next-server-request))
Sending msg to client play-fork-run-84f6fd5d-56cb-497a-9eba-a733be927ac2: ExecutionStarting(12)
Sending msg to client play-fork-run-84f6fd5d-56cb-497a-9eba-a733be927ac2: DetachedLogEvent(LogMessage(debug,> {file:/C:/Users/Gita/HelloWorld/}root/compile:mainClass))
Sending msg to client play-fork-run-84f6fd5d-56cb-497a-9eba-a733be927ac2: DetachedLogEvent(LogMessage(debug,Evaluating tasks: compile:mainClass))
Sending msg to client play-fork-run-84f6fd5d-56cb-497a-9eba-a733be927ac2: DetachedLogEvent(LogMessage(debug,Running task... Cancel: sbt.server.ServerTaskCancellation@e6e6152, check cycles: false))
Sending msg to client play-fork-run-84f6fd5d-56cb-497a-9eba-a733be927ac2: DetachedLogEvent(LogMessage(debug,cancel strategy start enabled=true lastCommand=Some(LastCommand(CommandExecutionWork(ExecutionId(12),{file:/C:/Users/Gita/HelloWorld/}root/compile:mainClass,Set(LiveClient(activator 7852ac4f-45ed-4748-88eb-4641acb5bdb1)),sbt.server.WorkCancellationStatus$$anon$1@15569e13)))))
Sending msg to client play-fork-run-84f6fd5d-56cb-497a-9eba-a733be927ac2: TaskStarted(12,1167,Some(AttributeKey[scala.Option[java.lang.String]]("mainClass") in Scope(Build: file:/C:/Users/Gita/HelloWorld/, , Project: ProjectReference(file:/C:/Users/Gita/HelloWorld/,root), Config: compile)))
Sending msg to client play-fork-run-84f6fd5d-56cb-497a-9eba-a733be927ac2: TaskFinished(12,1167,Some(AttributeKey[scala.Option[java.lang.String]]("mainClass") in Scope(Build: file:/C:/Users/Gita/HelloWorld/, , Project: ProjectReference(file:/C:/Users/Gita/HelloWorld/,root), Config: compile)),true,None)
Sending msg to client play-fork-run-84f6fd5d-56cb-497a-9eba-a733be927ac2: TaskStarted(12,1166,None)
Sending msg to client play-fork-run-84f6fd5d-56cb-497a-9eba-a733be927ac2: TaskFinished(12,1166,None,true,None)
Sending msg to client play-fork-run-84f6fd5d-56cb-497a-9eba-a733be927ac2: TaskStarted(12,1165,None)
Sending msg to client play-fork-run-84f6fd5d-56cb-497a-9eba-a733be927ac2: TaskFinished(12,1165,None,true,None)
Sending msg to client play-fork-run-84f6fd5d-56cb-497a-9eba-a733be927ac2: DetachedLogEvent(LogMessage(debug,cancel strategy finish enabled=false lastCommand=Some(LastCommand(CommandExecutionWork(ExecutionId(12),{file:/C:/Users/Gita/HelloWorld/}root/compile:mainClass,Set(LiveClient(activator 7852ac4f-45ed-4748-88eb-4641acb5bdb1)),sbt.server.WorkCancellationStatus$$anon$1@15569e13)))))
Sending msg to client play-fork-run-84f6fd5d-56cb-497a-9eba-a733be927ac2: DetachedLogEvent(LogSuccess(Total time: 0 s, completed Feb 2, 2017 4:25:48 PM))
Sending msg to client play-fork-run-84f6fd5d-56cb-497a-9eba-a733be927ac2: DetachedLogEvent(LogMessage(debug,> server-post-command-cleanup))
Sending msg to client play-fork-run-84f6fd5d-56cb-497a-9eba-a733be927ac2: ExecutionSuccess(12)
Sending msg to client play-fork-run-84f6fd5d-56cb-497a-9eba-a733be927ac2: DetachedLogEvent(LogMessage(debug,> server-handle-next-server-request))
